<?xml version="1.0" encoding="UTF-8"?>
<testng-results skipped="0" failed="0" total="1" passed="1">
  <reporter-output>
  </reporter-output>
  <suite name="Default suite" duration-ms="26" started-at="2019-04-04T15:55:30Z" finished-at="2019-04-04T15:55:30Z">
    <groups>
    </groups>
    <test name="Default test" duration-ms="26" started-at="2019-04-04T15:55:30Z" finished-at="2019-04-04T15:55:30Z">
      <class name="lingzhuyun.testdemo.TestNgDemo01">
        <test-method status="PASS" signature="testNgCase01()[pri:0, instance:lingzhuyun.testdemo.TestNgDemo01@224edc67]" name="testNgCase01" duration-ms="10" started-at="2019-04-04T23:55:30Z" finished-at="2019-04-04T23:55:30Z">
          <reporter-output>
          </reporter-output>
        </test-method> <!-- testNgCase01 -->
      </class> <!-- lingzhuyun.testdemo.TestNgDemo01 -->
    </test> <!-- Default test -->
  </suite> <!-- Default suite -->
</testng-results>
